<testsuites id="" name="" tests="9" failures="0" skipped="3" errors="0" time="4.956162">
<testsuite name="integration/active-replay-validation.spec.ts" timestamp="2026-05-25T08:49:16.677Z" hostname="chromium" tests="1" failures="0" skipped="0" time="0.001" errors="0">
<testcase name="Tier 1: Active Replay Validation (Mock Server) › Pipeline should identify and actively validate BOLA/IDOR" classname="integration/active-replay-validation.spec.ts" time="0.001">
</testcase>
</testsuite>
<testsuite name="integration/investigation-pipeline.spec.ts" timestamp="2026-05-25T08:49:16.677Z" hostname="chromium" tests="1" failures="0" skipped="0" time="4.562" errors="0">
<testcase name="InvestigationPipeline E2E › should execute full differential pipeline and identify admin endpoint contradiction" classname="integration/investigation-pipeline.spec.ts" time="4.562">
<system-out>
<![CDATA[Starting Differential Investigation: User vs Admin
Crawling target as User...
[Crawler] Navigating to: http://127.0.0.1:62782
[DummyServer] Received: GET /
[DummyServer] Received: GET /api/user/me
[DummyServer] Received: GET /api/admin/settings
[Crawler] Reached http://127.0.0.1:62782, waiting for fetches...
Crawling target as Admin...
[Crawler] Navigating to: http://127.0.0.1:62782
[DummyServer] Received: GET /
[DummyServer] Received: GET /api/user/me
[DummyServer] Received: GET /api/admin/settings
[Crawler] Reached http://127.0.0.1:62782, waiting for fetches...
Building graph for session session_user_1_1779698957168, found 3 exchanges.
Added node: api:GET:http://127.0.0.1:62782/ with status 200
Added node: api:GET:http://127.0.0.1:62782/api/user/me with status 200
Added node: api:GET:http://127.0.0.1:62782/api/admin/settings with status 403
Building graph for session session_admin_1_1779698957173, found 3 exchanges.
Added node: api:GET:http://127.0.0.1:62782/ with status 200
Added node: api:GET:http://127.0.0.1:62782/api/user/me with status 200
Added node: api:GET:http://127.0.0.1:62782/api/admin/settings with status 200
Investigation Complete. Found 1 findings.
]]>
</system-out>
</testcase>
</testsuite>
<testsuite name="integration/juice-shop-replay-validation.spec.ts" timestamp="2026-05-25T08:49:16.677Z" hostname="chromium" tests="1" failures="0" skipped="1" time="0" errors="0">
<testcase name="Tier 2: Real Target Validation (OWASP Juice Shop) › Pipeline should identify and validate IDOR against Juice Shop" classname="integration/juice-shop-replay-validation.spec.ts">
<properties>
<property name="skip" value="">
</property>
</properties>
<skipped>
</skipped>
</testcase>
</testsuite>
<testsuite name="integration/active-replay-validation.spec.ts" timestamp="2026-05-25T08:49:16.677Z" hostname="firefox" tests="1" failures="0" skipped="0" time="0.001" errors="0">
<testcase name="Tier 1: Active Replay Validation (Mock Server) › Pipeline should identify and actively validate BOLA/IDOR" classname="integration/active-replay-validation.spec.ts" time="0.001">
</testcase>
</testsuite>
<testsuite name="integration/investigation-pipeline.spec.ts" timestamp="2026-05-25T08:49:16.677Z" hostname="firefox" tests="1" failures="0" skipped="0" time="4.562" errors="0">
<testcase name="InvestigationPipeline E2E › should execute full differential pipeline and identify admin endpoint contradiction" classname="integration/investigation-pipeline.spec.ts" time="4.562">
<system-out>
<![CDATA[Starting Differential Investigation: User vs Admin
Crawling target as User...
[Crawler] Navigating to: http://127.0.0.1:62783
[DummyServer] Received: GET /
[DummyServer] Received: GET /api/user/me
[DummyServer] Received: GET /api/admin/settings
[Crawler] Reached http://127.0.0.1:62783, waiting for fetches...
Crawling target as Admin...
[Crawler] Navigating to: http://127.0.0.1:62783
[DummyServer] Received: GET /
[DummyServer] Received: GET /api/user/me
[DummyServer] Received: GET /api/admin/settings
[Crawler] Reached http://127.0.0.1:62783, waiting for fetches...
Building graph for session session_user_1_1779698957168, found 3 exchanges.
Added node: api:GET:http://127.0.0.1:62783/ with status 200
Added node: api:GET:http://127.0.0.1:62783/api/user/me with status 200
Added node: api:GET:http://127.0.0.1:62783/api/admin/settings with status 403
Building graph for session session_admin_1_1779698957173, found 3 exchanges.
Added node: api:GET:http://127.0.0.1:62783/ with status 200
Added node: api:GET:http://127.0.0.1:62783/api/user/me with status 200
Added node: api:GET:http://127.0.0.1:62783/api/admin/settings with status 200
Investigation Complete. Found 1 findings.
]]>
</system-out>
</testcase>
</testsuite>
<testsuite name="integration/juice-shop-replay-validation.spec.ts" timestamp="2026-05-25T08:49:16.677Z" hostname="firefox" tests="1" failures="0" skipped="1" time="0" errors="0">
<testcase name="Tier 2: Real Target Validation (OWASP Juice Shop) › Pipeline should identify and validate IDOR against Juice Shop" classname="integration/juice-shop-replay-validation.spec.ts">
<properties>
<property name="skip" value="">
</property>
</properties>
<skipped>
</skipped>
</testcase>
</testsuite>
<testsuite name="integration/active-replay-validation.spec.ts" timestamp="2026-05-25T08:49:16.677Z" hostname="webkit" tests="1" failures="0" skipped="0" time="0.007" errors="0">
<testcase name="Tier 1: Active Replay Validation (Mock Server) › Pipeline should identify and actively validate BOLA/IDOR" classname="integration/active-replay-validation.spec.ts" time="0.007">
</testcase>
</testsuite>
<testsuite name="integration/investigation-pipeline.spec.ts" timestamp="2026-05-25T08:49:16.677Z" hostname="webkit" tests="1" failures="0" skipped="0" time="4.25" errors="0">
<testcase name="InvestigationPipeline E2E › should execute full differential pipeline and identify admin endpoint contradiction" classname="integration/investigation-pipeline.spec.ts" time="4.25">
<system-out>
<![CDATA[Starting Differential Investigation: User vs Admin
Crawling target as User...
[Crawler] Navigating to: http://127.0.0.1:62785
[DummyServer] Received: GET /
[DummyServer] Received: GET /api/user/me
[DummyServer] Received: GET /api/admin/settings
[Crawler] Reached http://127.0.0.1:62785, waiting for fetches...
Crawling target as Admin...
[Crawler] Navigating to: http://127.0.0.1:62785
[DummyServer] Received: GET /
[DummyServer] Received: GET /api/user/me
[DummyServer] Received: GET /api/admin/settings
[Crawler] Reached http://127.0.0.1:62785, waiting for fetches...
Building graph for session session_user_1_1779698957394, found 3 exchanges.
Added node: api:GET:http://127.0.0.1:62785/ with status 200
Added node: api:GET:http://127.0.0.1:62785/api/user/me with status 200
Added node: api:GET:http://127.0.0.1:62785/api/admin/settings with status 403
Building graph for session session_admin_1_1779698957397, found 3 exchanges.
Added node: api:GET:http://127.0.0.1:62785/ with status 200
Added node: api:GET:http://127.0.0.1:62785/api/user/me with status 200
Added node: api:GET:http://127.0.0.1:62785/api/admin/settings with status 200
Investigation Complete. Found 1 findings.
]]>
</system-out>
</testcase>
</testsuite>
<testsuite name="integration/juice-shop-replay-validation.spec.ts" timestamp="2026-05-25T08:49:16.677Z" hostname="webkit" tests="1" failures="0" skipped="1" time="0" errors="0">
<testcase name="Tier 2: Real Target Validation (OWASP Juice Shop) › Pipeline should identify and validate IDOR against Juice Shop" classname="integration/juice-shop-replay-validation.spec.ts">
<properties>
<property name="skip" value="">
</property>
</properties>
<skipped>
</skipped>
</testcase>
</testsuite>
</testsuites>